<?xml version="1.0" encoding="utf-8"?><testsuites name="pytest tests"><testsuite name="pytest" errors="0" failures="0" skipped="0" tests="16" time="7.526" timestamp="2026-04-21T18:04:00.260712+00:00" hostname="agent-env-d92af48a-ae9c-4f8d-9770-101802cbd488"><testcase classname="backend.tests.test_auth_intake.TestAuthSession" name="test_missing_session_id_returns_400" time="0.282" /><testcase classname="backend.tests.test_auth_intake.TestAuthSession" name="test_missing_field_returns_422" time="0.064" /><testcase classname="backend.tests.test_auth_intake.TestAuthSession" name="test_invalid_session_id_returns_401" time="0.206" /><testcase classname="backend.tests.test_auth_intake.TestAuthMe" name="test_me_no_auth_returns_401" time="0.118" /><testcase classname="backend.tests.test_auth_intake.TestAuthMe" name="test_me_with_valid_bearer_token" time="0.224" /><testcase classname="backend.tests.test_auth_intake.TestAuthMe" name="test_me_with_valid_cookie" time="0.116" /><testcase classname="backend.tests.test_auth_intake.TestAuthMe" name="test_me_with_invalid_token" time="0.162" /><testcase classname="backend.tests.test_auth_intake.TestAuthLogout" name="test_logout_deletes_session" time="0.194" /><testcase classname="backend.tests.test_auth_intake.TestAuthLogout" name="test_logout_no_cookie_ok" time="0.072" /><testcase classname="backend.tests.test_auth_intake.TestIntakeCrud" name="test_get_unknown_session_returns_empty" time="0.073" /><testcase classname="backend.tests.test_auth_intake.TestIntakeCrud" name="test_patch_persists_and_returns_merged" time="0.205" /><testcase classname="backend.tests.test_auth_intake.TestIntakeCrud" name="test_patch_ignores_unknown_fields" time="0.067" /><testcase classname="backend.tests.test_auth_intake.TestIntakeSubmit" name="test_submit_requires_name_and_phone" time="0.251" /><testcase classname="backend.tests.test_auth_intake.TestIntakeSubmit" name="test_submit_guest_creates_appointment" time="0.131" /><testcase classname="backend.tests.test_auth_intake.TestIntakeSubmit" name="test_submit_authenticated_sets_user_id" time="0.228" /><testcase classname="backend.tests.test_auth_intake.TestAssistantExtraction" name="test_extraction_persists_to_intake" time="4.976" /></testsuite></testsuites>