<?xml version="1.0" encoding="utf-8"?><testsuites name="pytest tests"><testsuite name="pytest" errors="0" failures="0" skipped="0" tests="19" time="14.238" timestamp="2026-04-21T16:41:40.511964+00:00" hostname="agent-env-d92af48a-ae9c-4f8d-9770-101802cbd488"><testcase classname="backend.tests.backend_test.TestHealth" name="test_root" time="0.303" /><testcase classname="backend.tests.backend_test.TestServices" name="test_get_services" time="0.059" /><testcase classname="backend.tests.backend_test.TestContact" name="test_create_contact_success" time="0.117" /><testcase classname="backend.tests.backend_test.TestContact" name="test_create_contact_invalid_email" time="0.057" /><testcase classname="backend.tests.backend_test.TestContact" name="test_create_contact_missing_required" time="0.051" /><testcase classname="backend.tests.backend_test.TestContact" name="test_optional_phone_subject" time="0.053" /><testcase classname="backend.tests.backend_test.TestReferrals" name="test_create_referral_success" time="0.117" /><testcase classname="backend.tests.backend_test.TestReferrals" name="test_referral_minimal" time="0.053" /><testcase classname="backend.tests.backend_test.TestReferrals" name="test_referral_invalid_email" time="0.054" /><testcase classname="backend.tests.backend_test.TestReferrals" name="test_referral_missing_required" time="0.055" /><testcase classname="backend.tests.backend_test.TestSurvey" name="test_create_survey_success" time="0.052" /><testcase classname="backend.tests.backend_test.TestSurvey" name="test_survey_rating_out_of_range" time="0.051" /><testcase classname="backend.tests.backend_test.TestSurvey" name="test_survey_missing_feedback" time="0.060" /><testcase classname="backend.tests.backend_test.TestAppointments" name="test_create_appointment_success" time="0.057" /><testcase classname="backend.tests.backend_test.TestAppointments" name="test_appointment_missing_required" time="0.057" /><testcase classname="backend.tests.backend_test.TestAssistant" name="test_chat_skilled_nursing" time="3.908" /><testcase classname="backend.tests.backend_test.TestAssistant" name="test_chat_multiturn_context" time="5.731" /><testcase classname="backend.tests.backend_test.TestAssistant" name="test_chat_book_appointment_intent" time="3.200" /><testcase classname="backend.tests.backend_test.TestAssistant" name="test_history_empty_session" time="0.056" /></testsuite></testsuites>