<?xml version="1.0" encoding="utf-8"?><testsuites name="pytest tests"><testsuite name="pytest" errors="0" failures="0" skipped="0" tests="26" time="33.893" timestamp="2026-04-21T17:34:29.908190+00:00" hostname="agent-env-d92af48a-ae9c-4f8d-9770-101802cbd488"><testcase classname="backend.tests.backend_test.TestHealth" name="test_root" time="0.220" /><testcase classname="backend.tests.backend_test.TestServices" name="test_get_services" time="0.055" /><testcase classname="backend.tests.backend_test.TestContact" name="test_create_contact_success" time="0.122" /><testcase classname="backend.tests.backend_test.TestContact" name="test_create_contact_invalid_email" time="0.048" /><testcase classname="backend.tests.backend_test.TestContact" name="test_create_contact_missing_required" time="0.052" /><testcase classname="backend.tests.backend_test.TestContact" name="test_optional_phone_subject" time="0.050" /><testcase classname="backend.tests.backend_test.TestReferrals" name="test_create_referral_success" time="0.142" /><testcase classname="backend.tests.backend_test.TestReferrals" name="test_referral_minimal" time="0.055" /><testcase classname="backend.tests.backend_test.TestReferrals" name="test_referral_invalid_email" time="0.056" /><testcase classname="backend.tests.backend_test.TestReferrals" name="test_referral_missing_required" time="0.051" /><testcase classname="backend.tests.backend_test.TestSurvey" name="test_create_survey_success" time="0.050" /><testcase classname="backend.tests.backend_test.TestSurvey" name="test_survey_rating_out_of_range" time="0.051" /><testcase classname="backend.tests.backend_test.TestSurvey" name="test_survey_missing_feedback" time="0.054" /><testcase classname="backend.tests.backend_test.TestAppointments" name="test_create_appointment_success" time="0.050" /><testcase classname="backend.tests.backend_test.TestAppointments" name="test_appointment_missing_required" time="0.047" /><testcase classname="backend.tests.backend_test.TestAssistant" name="test_chat_skilled_nursing" time="3.407" /><testcase classname="backend.tests.backend_test.TestAssistant" name="test_chat_multiturn_context" time="10.183" /><testcase classname="backend.tests.backend_test.TestAssistant" name="test_chat_book_appointment_intent" time="3.812" /><testcase classname="backend.tests.backend_test.TestAssistant" name="test_history_empty_session" time="0.057" /><testcase classname="backend.tests.backend_test.TestNewIntents" name="test_new_intent_recognition[Can I meet the team?-action:meet_team]" time="2.528" /><testcase classname="backend.tests.backend_test.TestNewIntents" name="test_new_intent_recognition[What does a home visit look like?-action:tour_visit]" time="3.748" /><testcase classname="backend.tests.backend_test.TestNewIntents" name="test_new_intent_recognition[I have knee pain-action:symptom_check]" time="2.857" /><testcase classname="backend.tests.backend_test.TestNewIntents" name="test_new_intent_recognition[Help me find the right care-action:find_care]" time="3.755" /><testcase classname="backend.tests.backend_test.TestTTS" name="test_tts_basic" time="2.237" /><testcase classname="backend.tests.backend_test.TestTTS" name="test_tts_empty_text" time="0.051" /><testcase classname="backend.tests.backend_test.TestTTS" name="test_tts_missing_text" time="0.050" /></testsuite></testsuites>